\BOOKMARK [1][-]{section.1}{Milestone Completion}{}% 1
\BOOKMARK [2][-]{subsection.1.1}{Milestone 1}{section.1}% 2
\BOOKMARK [3][-]{subsubsection.1.1.1}{Completion Date:}{subsection.1.1}% 3
\BOOKMARK [3][-]{subsubsection.1.1.2}{Responsibilities:}{subsection.1.1}% 4
\BOOKMARK [3][-]{subsubsection.1.1.3}{Requirements:}{subsection.1.1}% 5
\BOOKMARK [2][-]{subsection.1.2}{Milestone 2}{section.1}% 6
\BOOKMARK [3][-]{subsubsection.1.2.1}{Completion Date:}{subsection.1.2}% 7
\BOOKMARK [3][-]{subsubsection.1.2.2}{Responsibilities:}{subsection.1.2}% 8
\BOOKMARK [3][-]{subsubsection.1.2.3}{Requirements:}{subsection.1.2}% 9
\BOOKMARK [1][-]{section.2}{Technical Merit}{}% 10
\BOOKMARK [2][-]{subsection.2.1}{Anthony Mazzawi}{section.2}% 11
\BOOKMARK [3][-]{subsubsection.2.1.1}{Files and Time Estimates}{subsection.2.1}% 12
\BOOKMARK [3][-]{subsubsection.2.1.2}{Notes}{subsection.2.1}% 13
\BOOKMARK [2][-]{subsection.2.2}{Jackson Keenan}{section.2}% 14
\BOOKMARK [3][-]{subsubsection.2.2.1}{Files and Time Estimates}{subsection.2.2}% 15
\BOOKMARK [3][-]{subsubsection.2.2.2}{Notes}{subsection.2.2}% 16
\BOOKMARK [2][-]{subsection.2.3}{William \(Aidan\) Maher}{section.2}% 17
\BOOKMARK [3][-]{subsubsection.2.3.1}{Files and Time Estimates}{subsection.2.3}% 18
\BOOKMARK [3][-]{subsubsection.2.3.2}{Notes}{subsection.2.3}% 19
\BOOKMARK [2][-]{subsection.2.4}{Nic Durish}{section.2}% 20
\BOOKMARK [3][-]{subsubsection.2.4.1}{Files and Time Estimates}{subsection.2.4}% 21
\BOOKMARK [3][-]{subsubsection.2.4.2}{Notes}{subsection.2.4}% 22
