\BOOKMARK [1][-]{section.1}{Functionality}{}% 1
\BOOKMARK [2][-]{subsection.1.1}{App Vision}{section.1}% 2
\BOOKMARK [2][-]{subsection.1.2}{Users}{section.1}% 3
\BOOKMARK [2][-]{subsection.1.3}{Requirements Table}{section.1}% 4
\BOOKMARK [2][-]{subsection.1.4}{Features}{section.1}% 5
\BOOKMARK [1][-]{section.2}{Stuff}{}% 6
\BOOKMARK [2][-]{subsection.2.1}{Platform}{section.2}% 7
\BOOKMARK [2][-]{subsection.2.2}{Development Platform}{section.2}% 8
\BOOKMARK [2][-]{subsection.2.3}{Source code Storage}{section.2}% 9
\BOOKMARK [2][-]{subsection.2.4}{Third Party API's and SDK's}{section.2}% 10
\BOOKMARK [2][-]{subsection.2.5}{Artwork}{section.2}% 11
\BOOKMARK [2][-]{subsection.2.6}{Data Storage for App}{section.2}% 12
\BOOKMARK [2][-]{subsection.2.7}{Starting Point}{section.2}% 13
\BOOKMARK [1][-]{section.3}{Plan}{}% 14
\BOOKMARK [2][-]{subsection.3.1}{Milestone 1}{section.3}% 15
\BOOKMARK [3][-]{subsubsection.3.1.1}{Completion Date:}{subsection.3.1}% 16
\BOOKMARK [3][-]{subsubsection.3.1.2}{Responsibilities:}{subsection.3.1}% 17
\BOOKMARK [3][-]{subsubsection.3.1.3}{Requirements:}{subsection.3.1}% 18
\BOOKMARK [2][-]{subsection.3.2}{Milestone 2}{section.3}% 19
\BOOKMARK [3][-]{subsubsection.3.2.1}{Completion Date:}{subsection.3.2}% 20
\BOOKMARK [3][-]{subsubsection.3.2.2}{Responsibilities:}{subsection.3.2}% 21
\BOOKMARK [3][-]{subsubsection.3.2.3}{Requirements:}{subsection.3.2}% 22
\BOOKMARK [2][-]{subsection.3.3}{Milestone 3}{section.3}% 23
\BOOKMARK [3][-]{subsubsection.3.3.1}{Completion Date:}{subsection.3.3}% 24
\BOOKMARK [3][-]{subsubsection.3.3.2}{Responsibilities:}{subsection.3.3}% 25
\BOOKMARK [3][-]{subsubsection.3.3.3}{Requirements:}{subsection.3.3}% 26
\BOOKMARK [2][-]{subsection.3.4}{Milestone 4}{section.3}% 27
\BOOKMARK [3][-]{subsubsection.3.4.1}{Completion Date:}{subsection.3.4}% 28
\BOOKMARK [3][-]{subsubsection.3.4.2}{Responsibilities:}{subsection.3.4}% 29
\BOOKMARK [3][-]{subsubsection.3.4.3}{Requirements:}{subsection.3.4}% 30
\BOOKMARK [2][-]{subsection.3.5}{Milestone 5}{section.3}% 31
\BOOKMARK [3][-]{subsubsection.3.5.1}{Completion Date:}{subsection.3.5}% 32
\BOOKMARK [3][-]{subsubsection.3.5.2}{Responsibilities:}{subsection.3.5}% 33
\BOOKMARK [3][-]{subsubsection.3.5.3}{Requirements:}{subsection.3.5}% 34
\BOOKMARK [2][-]{subsection.3.6}{Milestone 6}{section.3}% 35
\BOOKMARK [3][-]{subsubsection.3.6.1}{Completion Date:}{subsection.3.6}% 36
\BOOKMARK [3][-]{subsubsection.3.6.2}{Responsibilities:}{subsection.3.6}% 37
\BOOKMARK [3][-]{subsubsection.3.6.3}{Requirements:}{subsection.3.6}% 38
\BOOKMARK [2][-]{subsection.3.7}{Alpha Submission}{section.3}% 39
\BOOKMARK [3][-]{subsubsection.3.7.1}{Use Cases}{subsection.3.7}% 40
\BOOKMARK [2][-]{subsection.3.8}{Release Candidate}{section.3}% 41
\BOOKMARK [3][-]{subsubsection.3.8.1}{Use Cases}{subsection.3.8}% 42
\BOOKMARK [2][-]{subsection.3.9}{Gold Master}{section.3}% 43
\BOOKMARK [3][-]{subsubsection.3.9.1}{Use Cases}{subsection.3.9}% 44
\BOOKMARK [1][-]{section.4}{Architecture}{}% 45
\BOOKMARK [2][-]{subsection.4.1}{Use Case Diagram}{section.4}% 46
\BOOKMARK [2][-]{subsection.4.2}{Class Diagram}{section.4}% 47
\BOOKMARK [2][-]{subsection.4.3}{Entity Relationship Diagram}{section.4}% 48
\BOOKMARK [2][-]{subsection.4.4}{Rough Paper Prototypes}{section.4}% 49
